<?xml version="1.0" encoding="UTF-8"?>
<!-- Generated by org.testng.reporters.JUnitReportReporter -->
<testsuite hostname="LAPTOP-APPRKD45" failures="0" tests="2" name="testRunner.Runner" time="5.470" errors="0" timestamp="2023-11-15T16:14:57 IST" skipped="0">
  <testcase classname="testRunner.Runner" name="runScenario" time="2.120"/>
  <testcase classname="testRunner.Runner" name="runScenario" time="3.350"/>
</testsuite> <!-- testRunner.Runner -->
