<?xml version="1.0" encoding="UTF-8"?>
<!-- Generated by org.testng.reporters.JUnitReportReporter -->
<testsuite hostname="LAPTOP-APPRKD45" failures="0" tests="3" name="com.qa.testcases.TC_VerifyMainElements_005" time="4.855" errors="0" timestamp="2023-07-27T04:45:17 IST" skipped="0">
  <testcase classname="com.qa.testcases.TC_VerifyMainElements_005" name="test1" time="4.720"/>
  <system-out/>
  <testcase classname="com.qa.testcases.TC_VerifyMainElements_005" name="test2" time="0.120"/>
  <system-out/>
  <testcase classname="com.qa.testcases.TC_VerifyMainElements_005" name="test3" time="0.015"/>
  <system-out/>
</testsuite> <!-- com.qa.testcases.TC_VerifyMainElements_005 -->
