<?xml version="1.0" encoding="UTF-8"?>
<!-- Generated by org.testng.reporters.JUnitReportReporter -->
<testsuite hostname="LAPTOP-APPRKD45" failures="0" tests="1" name="com.qa.testcases.TC_linkTest_001" time="5.370" errors="0" timestamp="2023-07-27T04:45:17 IST" skipped="0">
  <testcase classname="com.qa.testcases.TC_linkTest_001" name="linkTest" time="5.370"/>
  <system-out/>
</testsuite> <!-- com.qa.testcases.TC_linkTest_001 -->
