<?xml version="1.0" encoding="UTF-8"?>
<!-- Generated by org.testng.reporters.JUnitReportReporter -->
<testsuite hostname="LAPTOP-APPRKD45" failures="0" tests="2" name="com.qa.testcases.TC_LinksVerification_004" time="11.900" errors="0" timestamp="2023-07-27T04:45:17 IST" skipped="0">
  <testcase classname="com.qa.testcases.TC_LinksVerification_004" name="test1" time="10.942"/>
  <system-out/>
  <testcase classname="com.qa.testcases.TC_LinksVerification_004" name="test2" time="0.958"/>
  <system-out/>
</testsuite> <!-- com.qa.testcases.TC_LinksVerification_004 -->
