<?xml version="1.0" encoding="UTF-8"?>
<!-- Generated by org.testng.reporters.JUnitReportReporter -->
<testsuite hostname="LAPTOP-APPRKD45" failures="0" tests="3" name="com.qa.testcases.TC_LoginPage_003" time="6.463" errors="0" timestamp="2023-07-27T04:45:17 IST" skipped="0">
  <testcase classname="com.qa.testcases.TC_LoginPage_003" name="test1" time="4.542"/>
  <system-out/>
  <testcase classname="com.qa.testcases.TC_LoginPage_003" name="test2" time="1.885"/>
  <system-out/>
  <testcase classname="com.qa.testcases.TC_LoginPage_003" name="countinueLogin" time="0.036"/>
  <system-out/>
</testsuite> <!-- com.qa.testcases.TC_LoginPage_003 -->
