<?xml version="1.0" encoding="UTF-8"?>
<!-- Generated by org.testng.reporters.JUnitReportReporter -->
<testsuite hostname="LAPTOP-APPRKD45" failures="0" tests="1" name="tests.Autosuggestions" time="7.902" errors="0" timestamp="2023-12-11T18:27:25 IST" skipped="0">
  <testcase classname="tests.Autosuggestions" name="testAutosuggestion" time="7.902"/>
  <system-out/>
</testsuite> <!-- tests.Autosuggestions -->
