<?xml version="1.0" encoding="UTF-8"?>
<!-- Generated by org.testng.reporters.JUnitReportReporter -->
<testsuite hostname="LAPTOP-APPRKD45" failures="0" tests="1" name="tests.Login" time="5.100" errors="0" timestamp="2023-12-11T17:31:55 IST" skipped="0">
  <testcase classname="tests.Login" name="testLogin" time="5.100"/>
  <system-out/>
</testsuite> <!-- tests.Login -->
