<?xml version="1.0" encoding="UTF-8"?>
<!-- Generated by org.testng.reporters.JUnitReportReporter -->
<testsuite hostname="LAPTOP-APPRKD45" failures="0" tests="9" name="com.qa.base.Project" time="3.229" errors="0" timestamp="2023-09-14T06:10:49 IST" skipped="0">
  <testcase classname="com.qa.base.Project" name="linkTest" time="2.629"/>
  <system-out/>
  <testcase classname="com.qa.base.Project" name="username" time="0.056"/>
  <system-out/>
  <testcase classname="com.qa.base.Project" name="password" time="0.042"/>
  <system-out/>
  <testcase classname="com.qa.base.Project" name="comments" time="0.029"/>
  <system-out/>
  <testcase classname="com.qa.base.Project" name="comment" time="0.041"/>
  <system-out/>
  <testcase classname="com.qa.base.Project" name="radioButtons" time="0.018"/>
  <system-out/>
  <testcase classname="com.qa.base.Project" name="radioButton" time="0.048"/>
  <system-out/>
  <testcase classname="com.qa.base.Project" name="dropDown" time="0.117"/>
  <system-out/>
  <testcase classname="com.qa.base.Project" name="submit" time="0.249"/>
  <system-out/>
</testsuite> <!-- com.qa.base.Project -->
