<?xml version="1.0" encoding="UTF-8"?>
<!-- Generated by org.testng.reporters.JUnitReportReporter -->
<testsuite hostname="LAPTOP-APPRKD45" failures="0" tests="1" name="org.tmb.tests.HomePageTest" time="7.159" errors="0" timestamp="2023-09-13T05:06:47 IST" skipped="0">
  <testcase classname="org.tmb.tests.HomePageTest" name="test3" time="7.159"/>
  <system-out/>
</testsuite> <!-- org.tmb.tests.HomePageTest -->
