<?xml version="1.0" encoding="UTF-8"?>
<!-- Generated by org.testng.reporters.JUnitReportReporter -->
<testsuite hostname="LAPTOP-APPRKD45" failures="0" tests="2" name="org.tmb.tests.LoginPageTest" time="15.607" errors="0" timestamp="2023-09-13T05:06:47 IST" skipped="0">
  <testcase classname="org.tmb.tests.LoginPageTest" name="test2" time="8.473"/>
  <system-out/>
  <testcase classname="org.tmb.tests.LoginPageTest" name="test1" time="7.134"/>
  <system-out/>
</testsuite> <!-- org.tmb.tests.LoginPageTest -->
